<?xml version="1.0" encoding="UTF-8"?>
<!-- Generated by org.testng.reporters.JUnitReportReporter -->
<testsuite skipped="0" hostname="LAPTOP-BIDBBEKC" name="com.PostRequest.Post_Details" tests="1" failures="0" timestamp="2021-05-29T18:47:04 IST" time="3.390" errors="0">
  <testcase name="getBooks" time="3.390" classname="com.PostRequest.Post_Details"/>
  <system-out/>
</testsuite> <!-- com.PostRequest.Post_Details -->
