<?xml version="1.0" encoding="UTF-8"?>
<!-- Generated by org.testng.reporters.JUnitReportReporter -->
<testsuite skipped="0" hostname="LAPTOP-BIDBBEKC" name="com.GetRequests.GetUsers" tests="3" failures="0" timestamp="2021-05-22T22:07:24 IST" time="6.158" errors="0">
  <testcase name="verifyTotalResponse" time="3.727" classname="com.GetRequests.GetUsers"/>
  <system-out/>
  <testcase name="storeDataInList" time="0.902" classname="com.GetRequests.GetUsers"/>
  <system-out/>
  <testcase name="storeDataInMap" time="1.529" classname="com.GetRequests.GetUsers"/>
  <system-out/>
</testsuite> <!-- com.GetRequests.GetUsers -->
